C:\USERS\ADMINISTRATOR\DOCUMENTS\VISUAL STUDIO 2012\PROJECTS\SIMPLE_DB\SIMPLE_DB\DEBUG\BTREE.OBJ
C:\USERS\ADMINISTRATOR\DOCUMENTS\VISUAL STUDIO 2012\PROJECTS\SIMPLE_DB\SIMPLE_DB\DEBUG\API.OBJ
C:\USERS\ADMINISTRATOR\DOCUMENTS\VISUAL STUDIO 2012\PROJECTS\SIMPLE_DB\SIMPLE_DB\DEBUG\CATALOGMANAGER.OBJ
C:\USERS\ADMINISTRATOR\DOCUMENTS\VISUAL STUDIO 2012\PROJECTS\SIMPLE_DB\SIMPLE_DB\DEBUG\INDEXMANAGER.OBJ
C:\USERS\ADMINISTRATOR\DOCUMENTS\VISUAL STUDIO 2012\PROJECTS\SIMPLE_DB\SIMPLE_DB\DEBUG\INTERPRETER.OBJ
C:\USERS\ADMINISTRATOR\DOCUMENTS\VISUAL STUDIO 2012\PROJECTS\SIMPLE_DB\SIMPLE_DB\DEBUG\RECORDMANAGER.OBJ
C:\USERS\ADMINISTRATOR\DOCUMENTS\VISUAL STUDIO 2012\PROJECTS\SIMPLE_DB\SIMPLE_DB\DEBUG\VC110.PDB
C:\USERS\ADMINISTRATOR\DOCUMENTS\VISUAL STUDIO 2012\PROJECTS\SIMPLE_DB\DEBUG\SIMPLE_DB.ILK
C:\USERS\ADMINISTRATOR\DOCUMENTS\VISUAL STUDIO 2012\PROJECTS\SIMPLE_DB\DEBUG\SIMPLE_DB.EXE
C:\USERS\ADMINISTRATOR\DOCUMENTS\VISUAL STUDIO 2012\PROJECTS\SIMPLE_DB\DEBUG\SIMPLE_DB.PDB
C:\USERS\ADMINISTRATOR\DOCUMENTS\VISUAL STUDIO 2012\PROJECTS\SIMPLE_DB\SIMPLE_DB\DEBUG\SIMPLE_DB.RES
C:\Users\Administrator\documents\visual studio 2012\Projects\Simple_DB\Simple_DB\Debug\Api.obj
C:\Users\Administrator\documents\visual studio 2012\Projects\Simple_DB\Simple_DB\Debug\btree.obj
C:\Users\Administrator\documents\visual studio 2012\Projects\Simple_DB\Simple_DB\Debug\CatalogManager.obj
C:\Users\Administrator\documents\visual studio 2012\Projects\Simple_DB\Simple_DB\Debug\IndexManager.obj
C:\Users\Administrator\documents\visual studio 2012\Projects\Simple_DB\Simple_DB\Debug\Interpreter.obj
C:\Users\Administrator\documents\visual studio 2012\Projects\Simple_DB\Simple_DB\Debug\RecordManager.obj
C:\Users\Administrator\documents\visual studio 2012\Projects\Simple_DB\Simple_DB\Debug\cl.command.1.tlog
C:\Users\Administrator\documents\visual studio 2012\Projects\Simple_DB\Simple_DB\Debug\CL.read.1.tlog
C:\Users\Administrator\documents\visual studio 2012\Projects\Simple_DB\Simple_DB\Debug\CL.write.1.tlog
C:\Users\Administrator\documents\visual studio 2012\Projects\Simple_DB\Simple_DB\Debug\link-cvtres.read.1.tlog
C:\Users\Administrator\documents\visual studio 2012\Projects\Simple_DB\Simple_DB\Debug\link-cvtres.write.1.tlog
C:\Users\Administrator\documents\visual studio 2012\Projects\Simple_DB\Simple_DB\Debug\link-rc.read.1.tlog
C:\Users\Administrator\documents\visual studio 2012\Projects\Simple_DB\Simple_DB\Debug\link-rc.write.1.tlog
C:\Users\Administrator\documents\visual studio 2012\Projects\Simple_DB\Simple_DB\Debug\link.command.1.tlog
C:\Users\Administrator\documents\visual studio 2012\Projects\Simple_DB\Simple_DB\Debug\link.read.1.tlog
C:\Users\Administrator\documents\visual studio 2012\Projects\Simple_DB\Simple_DB\Debug\link.write.1.tlog
C:\Users\Administrator\documents\visual studio 2012\Projects\Simple_DB\Simple_DB\Debug\rc.command.1.tlog
C:\Users\Administrator\documents\visual studio 2012\Projects\Simple_DB\Simple_DB\Debug\rc.read.1.tlog
C:\Users\Administrator\documents\visual studio 2012\Projects\Simple_DB\Simple_DB\Debug\rc.write.1.tlog
C:\Users\Administrator\documents\visual studio 2012\Projects\Simple_DB\Simple_DB\Debug\Simple_DB.res
C:\Users\Administrator\documents\visual studio 2012\Projects\Simple_DB\Simple_DB\Debug\vc110.idb
C:\Users\Administrator\documents\visual studio 2012\Projects\Simple_DB\Simple_DB\Debug\vc110.pdb
C:\Users\Administrator\documents\visual studio 2012\Projects\Simple_DB\Debug\Simple_DB.pdb
C:\Users\Administrator\documents\visual studio 2012\Projects\Simple_DB\Debug\Simple_DB.exe
C:\Users\Administrator\documents\visual studio 2012\Projects\Simple_DB\Debug\Simple_DB.ilk
